\BOOKMARK [1][-]{section.1}{Determine the strength of a poker hand}{}% 1
\BOOKMARK [2][-]{subsection.1.1}{Design}{section.1}% 2
\BOOKMARK [3][-]{subsubsection.1.1.1}{Monte Carlo method}{subsection.1.1}% 3
\BOOKMARK [2][-]{subsection.1.2}{Test}{section.1}% 4
\BOOKMARK [2][-]{subsection.1.3}{Discussion}{section.1}% 5
\BOOKMARK [2][-]{subsection.1.4}{Conclusion}{section.1}% 6
\BOOKMARK [1][-]{section.2}{Learning a default strategy}{}% 7
\BOOKMARK [2][-]{subsection.2.1}{Design}{section.2}% 8
\BOOKMARK [3][-]{subsubsection.2.1.1}{Artificial neural network \(ANN\)}{subsection.2.1}% 9
\BOOKMARK [3][-]{subsubsection.2.1.2}{First ANN design}{subsection.2.1}% 10
\BOOKMARK [3][-]{subsubsection.2.1.3}{Second ANN design}{subsection.2.1}% 11
\BOOKMARK [2][-]{subsection.2.2}{Test}{section.2}% 12
\BOOKMARK [2][-]{subsection.2.3}{Discussion}{section.2}% 13
\BOOKMARK [2][-]{subsection.2.4}{Conclusion}{section.2}% 14
\BOOKMARK [1][-]{section.3}{Adapt to opponents}{}% 15
\BOOKMARK [2][-]{subsection.3.1}{Introduction}{section.3}% 16
\BOOKMARK [2][-]{subsection.3.2}{What is player-modeling?}{section.3}% 17
\BOOKMARK [2][-]{subsection.3.3}{How can we model a player dynamically?}{section.3}% 18
\BOOKMARK [3][-]{subsubsection.3.3.1}{Neural Network}{subsection.3.3}% 19
\BOOKMARK [2][-]{subsection.3.4}{Test}{section.3}% 20
\BOOKMARK [2][-]{subsection.3.5}{Discussion}{section.3}% 21
\BOOKMARK [2][-]{subsection.3.6}{Conclusion}{section.3}% 22
\BOOKMARK [1][-]{section.4}{Discussion}{}% 23
\BOOKMARK [1][-]{section.5}{Conclusion}{}% 24
